#
# A fatal error has been detected by the Java Runtime Environment:
#
#  SIGSEGV (0xb) at pc=0x00007fff8c5b3cf0, pid=1613, tid=2059
#
# JRE version: Java(TM) SE Runtime Environment (7.0_51-b13) (build 1.7.0_51-b13)
# Java VM: Java HotSpot(TM) 64-Bit Server VM (24.51-b03 mixed mode bsd-amd64 compressed oops)
# Problematic frame:
# C  [libFontRegistry.dylib+0x10cf0]  TCFResurrectContext::StreamInTCFTypeID()+0x20
#
# Failed to write core dump. Core dumps have been disabled. To enable core dumping, try "ulimit -c unlimited" before starting Java again
#
# If you would like to submit a bug report, please visit:
#   http://bugreport.sun.com/bugreport/crash.jsp
# The crash happened outside the Java Virtual Machine in native code.
# See problematic frame for where to report the bug.
#

---------------  T H R E A D  ---------------

Current thread (0x00007fdd1400f000):  JavaThread "main" [_thread_in_native, id=2059, stack(0x000000010023d000,0x000000010033d000)]

siginfo:si_signo=SIGSEGV: si_errno=0, si_code=1 (SEGV_MAPERR), si_addr=0x0000000110866008

Registers:
RAX=0x0000000000000ff8, RBX=0x0000000100339c08, RCX=0x0000000110866008, RDX=0x00007fff8c5a5900
RSP=0x0000000100339910, RBP=0x0000000100339910, RSI=0x0000000110866000, RDI=0x0000000100339c08
R8 =0x0000000000000003, R9 =0x0000000000000000, R10=0x0000000000000040, R11=0x0000000000000206
R12=0x0000000100339960, R13=0x0000000000000000, R14=0x0000000000000000, R15=0x0000000100339c08
RIP=0x00007fff8c5b3cf0, EFLAGS=0x0000000000010202, ERR=0x0000000000000004
  TRAPNO=0x000000000000000e

Top of Stack: (sp=0x0000000100339910)
0x0000000100339910:   0000000100339930 00007fff8c5a57f0
0x0000000100339920:   0000000100339a80 0000000000000001
0x0000000100339930:   0000000100339bc0 00007fff8c5a5b23
0x0000000100339940:   0000000000000000 0000000000000000
0x0000000100339950:   0000000000000001 0000000000000000
0x0000000100339960:   0000000000000000 0000000000000000
0x0000000100339970:   0000000000000000 0000000000000000
0x0000000100339980:   0000000000000000 0000000000000000
0x0000000100339990:   0000000000000000 0000000000000000
0x00000001003399a0:   0000000000000000 0000000000000000
0x00000001003399b0:   0000000000000000 0000000000000000
0x00000001003399c0:   0000000000000000 0000000000000000
0x00000001003399d0:   0000000000000000 0000000000000000
0x00000001003399e0:   0000000000000000 0000000000000000
0x00000001003399f0:   0000000000000000 0000000000000000
0x0000000100339a00:   0000000000000000 0000000000000000
0x0000000100339a10:   0000000000000000 0000000000000000
0x0000000100339a20:   0000000000000000 0000000000000000
0x0000000100339a30:   0000000000000000 0000000000000000
0x0000000100339a40:   0000000000000000 0000000000000000
0x0000000100339a50:   0000000000000000 0000000000000000
0x0000000100339a60:   0000000000000000 ffffffffffffffff
0x0000000100339a70:   0000000000000001 00007fdd13c58a80
0x0000000100339a80:   0000000000000000 0000000000000000
0x0000000100339a90:   0000000000000000 0000000000000000
0x0000000100339aa0:   0000000000000000 0000000000000000
0x0000000100339ab0:   0000000000000000 0000000000000000
0x0000000100339ac0:   0000000000000000 0000000000000000
0x0000000100339ad0:   0000000000000000 0000000000000000
0x0000000100339ae0:   0000000000000000 0000000000000000
0x0000000100339af0:   0000000000000000 0000000000000000
0x0000000100339b00:   0000000000000000 0000000000000000 

Instructions: (pc=0x00007fff8c5b3cf0)
0x00007fff8c5b3cd0:   55 48 89 e5 80 7f 18 00 75 24 48 8b 4f 08 48 85
0x00007fff8c5b3ce0:   c9 74 1b 48 8b 47 10 48 29 c8 48 83 f8 04 72 0e
0x00007fff8c5b3cf0:   8b 01 48 83 c1 04 48 89 4f 08 0f c8 5d c3 48 8b
0x00007fff8c5b3d00:   07 48 8d 35 6a 29 03 00 ff 50 10 b8 9f 86 01 00 

Register to memory mapping:

RAX=0x0000000000000ff8 is an unknown value
RBX=0x0000000100339c08 is pointing into the stack for thread: 0x00007fdd1400f000
RCX=0x0000000110866008 is an unknown value
RDX=0x00007fff8c5a5900: _ZN19TCFResurrectContext9ResurrectEv+0x130 in /System/Library/Frameworks/ApplicationServices.framework/Versions/A/Frameworks/ATS.framework/Versions/A/Resources/libFontRegistry.dylib at 0x00007fff8c5a3000
RSP=0x0000000100339910 is pointing into the stack for thread: 0x00007fdd1400f000
RBP=0x0000000100339910 is pointing into the stack for thread: 0x00007fdd1400f000
RSI=0x0000000110866000 is an unknown value
RDI=0x0000000100339c08 is pointing into the stack for thread: 0x00007fdd1400f000
R8 =0x0000000000000003 is an unknown value
R9 =0x0000000000000000 is an unknown value
R10=0x0000000000000040 is an unknown value
R11=0x0000000000000206 is an unknown value
R12=0x0000000100339960 is pointing into the stack for thread: 0x00007fdd1400f000
R13=0x0000000000000000 is an unknown value
R14=0x0000000000000000 is an unknown value
R15=0x0000000100339c08 is pointing into the stack for thread: 0x00007fdd1400f000


Stack: [0x000000010023d000,0x000000010033d000],  sp=0x0000000100339910,  free space=1010k
Native frames: (J=compiled Java code, j=interpreted, Vv=VM code, C=native code)
C  [libFontRegistry.dylib+0x10cf0]  TCFResurrectContext::StreamInTCFTypeID()+0x20
C  [libFontRegistry.dylib+0x27f0]  TCFResurrectContext::Resurrect()+0x20
C  [libFontRegistry.dylib+0x2b23]  TCFResurrectContext::ResurrectCFDictionary()+0x1f3
C  [libFontRegistry.dylib+0x2859]  TCFResurrectContext::Resurrect()+0x89
C  [libFontRegistry.dylib+0x208f6]  TGlobalFontRegistryImp::CopyPropertyForFonts(__CFArray const*, __CFString const*, TFontQueryOptions const&) const+0x19e
C  [libFontRegistry.dylib+0x316f]  XTCopyPropertyForFonts+0x73
C  [CoreText+0x179f7]  TBaseFont::CreateTraitsValuesPerFontInfo() const+0x8f
C  [CoreText+0x1786f]  TBaseFont::CopyTraitsInternal() const+0x57
C  [CoreText+0x173fd]  TBaseFont::CopyAttribute(unsigned long) const+0x1ed
C  [CoreText+0x53e1]  TDescriptor::CopyAttribute(__CFString const*) const+0xaf
C  [CoreText+0x530f]  CTFontDescriptorCopyAttribute+0x63
C  [AppKit+0x9567f]  -[NSFontManager availableMembersOfFontFamily:]+0x28b
C  [liblwawt.dylib+0x151b7]  Java_sun_font_CFontManager_loadNativeFonts+0x16e
j  sun.font.CFontManager.loadNativeFonts()V+0
j  sun.font.CFontManager.access$000(Lsun/font/CFontManager;)V+1
j  sun.font.CFontManager$4.run()Ljava/lang/Object;+4
v  ~StubRoutines::call_stub
V  [libjvm.dylib+0x2d6bb0]  JavaCalls::call_helper(JavaValue*, methodHandle*, JavaCallArguments*, Thread*)+0x22a
V  [libjvm.dylib+0x2d6980]  JavaCalls::call(JavaValue*, methodHandle, JavaCallArguments*, Thread*)+0x28
V  [libjvm.dylib+0x32a264]  JVM_DoPrivileged+0x411
j  java.security.AccessController.doPrivileged(Ljava/security/PrivilegedAction;)Ljava/lang/Object;+0
j  sun.font.CFontManager.loadFonts()V+19
j  sun.font.SunFontManager.findFont2D(Ljava/lang/String;II)Lsun/font/Font2D;+933
j  java.awt.Font.getFont2D()Lsun/font/Font2D;+86
j  java.awt.Font.access$000(Ljava/awt/Font;)Lsun/font/Font2D;+1
j  java.awt.Font$FontAccessImpl.getFont2D(Ljava/awt/Font;)Lsun/font/Font2D;+1
j  sun.font.FontUtilities.getFont2D(Ljava/awt/Font;)Lsun/font/Font2D;+4
j  sun.font.FontDesignMetrics.initMatrixAndMetrics()V+4
j  sun.font.FontDesignMetrics.<init>(Ljava/awt/Font;Ljava/awt/font/FontRenderContext;)V+62
j  sun.font.FontDesignMetrics.getMetrics(Ljava/awt/Font;Ljava/awt/font/FontRenderContext;)Lsun/font/FontDesignMetrics;+129
j  sun.swing.SwingUtilities2.getFontMetrics(Ljavax/swing/JComponent;Ljava/awt/Font;)Ljava/awt/FontMetrics;+15
j  javax.swing.JComponent.getFontMetrics(Ljava/awt/Font;)Ljava/awt/FontMetrics;+2
j  javax.swing.plaf.basic.BasicGraphicsUtils.getPreferredButtonSize(Ljavax/swing/AbstractButton;I)Ljava/awt/Dimension;+28
j  com.apple.laf.AquaButtonUI.getPreferredSize(Ljavax/swing/JComponent;)Ljava/awt/Dimension;+10
j  com.apple.laf.AquaButtonUI.getMinimumSize(Ljavax/swing/JComponent;)Ljava/awt/Dimension;+2
j  javax.swing.JComponent.getMinimumSize()Ljava/awt/Dimension;+26
j  javax.swing.GroupLayout$ComponentSpring.calculateNonlinkedMinimumSize(I)I+64
j  javax.swing.GroupLayout$ComponentSpring.calculateMinimumSize(I)I+17
j  javax.swing.GroupLayout$Spring.getMinimumSize(I)I+13
j  javax.swing.GroupLayout$ComponentSpring.calculatePreferredSize(I)I+17
j  javax.swing.GroupLayout$Spring.getPreferredSize(I)I+13
j  javax.swing.GroupLayout$Group.getSpringSize(Ljavax/swing/GroupLayout$Spring;II)I+36
j  javax.swing.GroupLayout$Group.calculateSize(II)I+43
j  javax.swing.GroupLayout$Group.calculatePreferredSize(I)I+3
j  javax.swing.GroupLayout$Spring.getPreferredSize(I)I+13
j  javax.swing.GroupLayout$Group.getSpringSize(Ljavax/swing/GroupLayout$Spring;II)I+36
j  javax.swing.GroupLayout$Group.calculateSize(II)I+54
j  javax.swing.GroupLayout$Group.calculatePreferredSize(I)I+3
j  javax.swing.GroupLayout$Spring.getPreferredSize(I)I+13
j  javax.swing.GroupLayout$Group.getSpringSize(Ljavax/swing/GroupLayout$Spring;II)I+36
j  javax.swing.GroupLayout$Group.calculateSize(II)I+29
j  javax.swing.GroupLayout$Group.calculatePreferredSize(I)I+3
j  javax.swing.GroupLayout$Spring.getPreferredSize(I)I+13
j  javax.swing.GroupLayout$Group.getSpringSize(Ljavax/swing/GroupLayout$Spring;II)I+36
j  javax.swing.GroupLayout$Group.calculateSize(II)I+29
j  javax.swing.GroupLayout$Group.calculatePreferredSize(I)I+3
j  javax.swing.GroupLayout$Spring.getPreferredSize(I)I+13
j  javax.swing.GroupLayout.calculateAutopadding(Ljavax/swing/GroupLayout$Group;IIII)V+44
j  javax.swing.GroupLayout.prepare(I)V+219
j  javax.swing.GroupLayout.preferredLayoutSize(Ljava/awt/Container;)Ljava/awt/Dimension;+7
j  java.awt.Container.preferredSize()Ljava/awt/Dimension;+43
j  java.awt.Container.getPreferredSize()Ljava/awt/Dimension;+1
j  javax.swing.JComponent.getPreferredSize()Ljava/awt/Dimension;+39
j  javax.swing.JRootPane$RootLayout.preferredLayoutSize(Ljava/awt/Container;)Ljava/awt/Dimension;+26
j  java.awt.Container.preferredSize()Ljava/awt/Dimension;+43
j  java.awt.Container.getPreferredSize()Ljava/awt/Dimension;+1
j  javax.swing.JComponent.getPreferredSize()Ljava/awt/Dimension;+39
j  java.awt.BorderLayout.preferredLayoutSize(Ljava/awt/Container;)Ljava/awt/Dimension;+157
j  java.awt.Container.preferredSize()Ljava/awt/Dimension;+43
j  java.awt.Container.getPreferredSize()Ljava/awt/Dimension;+1
j  java.awt.Window.pack()V+32
j  com.outtatech.client.IntroScreen.initComponents()V+517
j  com.outtatech.client.IntroScreen.<init>(Lcom/outtatech/client/GUIController;)V+10
j  com.outtatech.client.GUIController.initWindows(Lcom/outtatech/client/GUIController;)V+6
j  ClientApplication.<init>()V+31
j  ClientApplication.main([Ljava/lang/String;)V+4
v  ~StubRoutines::call_stub
V  [libjvm.dylib+0x2d6bb0]  JavaCalls::call_helper(JavaValue*, methodHandle*, JavaCallArguments*, Thread*)+0x22a
V  [libjvm.dylib+0x2d6980]  JavaCalls::call(JavaValue*, methodHandle, JavaCallArguments*, Thread*)+0x28
V  [libjvm.dylib+0x30a124]  jni_invoke_static(JNIEnv_*, JavaValue*, _jobject*, JNICallType, _jmethodID*, JNI_ArgumentPusher*, Thread*)+0xe6
V  [libjvm.dylib+0x3032bf]  jni_CallStaticVoidMethod+0x10b
C  [java+0x30fe]  JavaMain+0x91d
C  [libsystem_pthread.dylib+0x1899]  _pthread_body+0x8a
C  [libsystem_pthread.dylib+0x172a]  _pthread_struct_init+0x0
C  [libsystem_pthread.dylib+0x5fc9]  thread_start+0xd

Java frames: (J=compiled Java code, j=interpreted, Vv=VM code)
j  sun.font.CFontManager.loadNativeFonts()V+0
j  sun.font.CFontManager.access$000(Lsun/font/CFontManager;)V+1
j  sun.font.CFontManager$4.run()Ljava/lang/Object;+4
v  ~StubRoutines::call_stub
j  java.security.AccessController.doPrivileged(Ljava/security/PrivilegedAction;)Ljava/lang/Object;+0
j  sun.font.CFontManager.loadFonts()V+19
j  sun.font.SunFontManager.findFont2D(Ljava/lang/String;II)Lsun/font/Font2D;+933
j  java.awt.Font.getFont2D()Lsun/font/Font2D;+86
j  java.awt.Font.access$000(Ljava/awt/Font;)Lsun/font/Font2D;+1
j  java.awt.Font$FontAccessImpl.getFont2D(Ljava/awt/Font;)Lsun/font/Font2D;+1
j  sun.font.FontUtilities.getFont2D(Ljava/awt/Font;)Lsun/font/Font2D;+4
j  sun.font.FontDesignMetrics.initMatrixAndMetrics()V+4
j  sun.font.FontDesignMetrics.<init>(Ljava/awt/Font;Ljava/awt/font/FontRenderContext;)V+62
j  sun.font.FontDesignMetrics.getMetrics(Ljava/awt/Font;Ljava/awt/font/FontRenderContext;)Lsun/font/FontDesignMetrics;+129
j  sun.swing.SwingUtilities2.getFontMetrics(Ljavax/swing/JComponent;Ljava/awt/Font;)Ljava/awt/FontMetrics;+15
j  javax.swing.JComponent.getFontMetrics(Ljava/awt/Font;)Ljava/awt/FontMetrics;+2
j  javax.swing.plaf.basic.BasicGraphicsUtils.getPreferredButtonSize(Ljavax/swing/AbstractButton;I)Ljava/awt/Dimension;+28
j  com.apple.laf.AquaButtonUI.getPreferredSize(Ljavax/swing/JComponent;)Ljava/awt/Dimension;+10
j  com.apple.laf.AquaButtonUI.getMinimumSize(Ljavax/swing/JComponent;)Ljava/awt/Dimension;+2
j  javax.swing.JComponent.getMinimumSize()Ljava/awt/Dimension;+26
j  javax.swing.GroupLayout$ComponentSpring.calculateNonlinkedMinimumSize(I)I+64
j  javax.swing.GroupLayout$ComponentSpring.calculateMinimumSize(I)I+17
j  javax.swing.GroupLayout$Spring.getMinimumSize(I)I+13
j  javax.swing.GroupLayout$ComponentSpring.calculatePreferredSize(I)I+17
j  javax.swing.GroupLayout$Spring.getPreferredSize(I)I+13
j  javax.swing.GroupLayout$Group.getSpringSize(Ljavax/swing/GroupLayout$Spring;II)I+36
j  javax.swing.GroupLayout$Group.calculateSize(II)I+43
j  javax.swing.GroupLayout$Group.calculatePreferredSize(I)I+3
j  javax.swing.GroupLayout$Spring.getPreferredSize(I)I+13
j  javax.swing.GroupLayout$Group.getSpringSize(Ljavax/swing/GroupLayout$Spring;II)I+36
j  javax.swing.GroupLayout$Group.calculateSize(II)I+54
j  javax.swing.GroupLayout$Group.calculatePreferredSize(I)I+3
j  javax.swing.GroupLayout$Spring.getPreferredSize(I)I+13
j  javax.swing.GroupLayout$Group.getSpringSize(Ljavax/swing/GroupLayout$Spring;II)I+36
j  javax.swing.GroupLayout$Group.calculateSize(II)I+29
j  javax.swing.GroupLayout$Group.calculatePreferredSize(I)I+3
j  javax.swing.GroupLayout$Spring.getPreferredSize(I)I+13
j  javax.swing.GroupLayout$Group.getSpringSize(Ljavax/swing/GroupLayout$Spring;II)I+36
j  javax.swing.GroupLayout$Group.calculateSize(II)I+29
j  javax.swing.GroupLayout$Group.calculatePreferredSize(I)I+3
j  javax.swing.GroupLayout$Spring.getPreferredSize(I)I+13
j  javax.swing.GroupLayout.calculateAutopadding(Ljavax/swing/GroupLayout$Group;IIII)V+44
j  javax.swing.GroupLayout.prepare(I)V+219
j  javax.swing.GroupLayout.preferredLayoutSize(Ljava/awt/Container;)Ljava/awt/Dimension;+7
j  java.awt.Container.preferredSize()Ljava/awt/Dimension;+43
j  java.awt.Container.getPreferredSize()Ljava/awt/Dimension;+1
j  javax.swing.JComponent.getPreferredSize()Ljava/awt/Dimension;+39
j  javax.swing.JRootPane$RootLayout.preferredLayoutSize(Ljava/awt/Container;)Ljava/awt/Dimension;+26
j  java.awt.Container.preferredSize()Ljava/awt/Dimension;+43
j  java.awt.Container.getPreferredSize()Ljava/awt/Dimension;+1
j  javax.swing.JComponent.getPreferredSize()Ljava/awt/Dimension;+39
j  java.awt.BorderLayout.preferredLayoutSize(Ljava/awt/Container;)Ljava/awt/Dimension;+157
j  java.awt.Container.preferredSize()Ljava/awt/Dimension;+43
j  java.awt.Container.getPreferredSize()Ljava/awt/Dimension;+1
j  java.awt.Window.pack()V+32
j  com.outtatech.client.IntroScreen.initComponents()V+517
j  com.outtatech.client.IntroScreen.<init>(Lcom/outtatech/client/GUIController;)V+10
j  com.outtatech.client.GUIController.initWindows(Lcom/outtatech/client/GUIController;)V+6
j  ClientApplication.<init>()V+31
j  ClientApplication.main([Ljava/lang/String;)V+4
v  ~StubRoutines::call_stub

---------------  P R O C E S S  ---------------

Java Threads: ( => current thread )
  0x00007fdd14144000 JavaThread "AWT-EventQueue-0" [_thread_blocked, id=50179, stack(0x000000010f855000,0x000000010f955000)]
  0x00007fdd140d3800 JavaThread "Java2D Disposer" daemon [_thread_blocked, id=49459, stack(0x000000010f6eb000,0x000000010f7eb000)]
  0x00007fdd1504d800 JavaThread "Java2D Queue Flusher" daemon [_thread_blocked, id=48391, stack(0x000000010e9a9000,0x000000010eaa9000)]
  0x00007fdd148bf000 JavaThread "AWT-Shutdown" [_thread_blocked, id=27411, stack(0x000000010d00a000,0x000000010d10a000)]
  0x00007fdd148c3000 JavaThread "AppKit Thread" daemon [_thread_in_native, id=8203, stack(0x00007fff5fa58000,0x00007fff5fad8000)]
  0x00007fdd148be000 JavaThread "Thread-0" [_thread_in_native, id=19723, stack(0x000000010b57b000,0x000000010b67b000)]
  0x00007fdd14860000 JavaThread "Service Thread" daemon [_thread_blocked, id=18435, stack(0x000000010b2d0000,0x000000010b3d0000)]
  0x00007fdd1485f000 JavaThread "C2 CompilerThread1" daemon [_thread_blocked, id=17923, stack(0x000000010b1cd000,0x000000010b2cd000)]
  0x00007fdd14848000 JavaThread "C2 CompilerThread0" daemon [_thread_blocked, id=17411, stack(0x000000010b0ca000,0x000000010b1ca000)]
  0x00007fdd14857800 JavaThread "Signal Dispatcher" daemon [_thread_blocked, id=16899, stack(0x000000010afc7000,0x000000010b0c7000)]
  0x00007fdd14020000 JavaThread "Finalizer" daemon [_thread_blocked, id=12547, stack(0x000000010ad6a000,0x000000010ae6a000)]
  0x00007fdd1401d800 JavaThread "Reference Handler" daemon [_thread_blocked, id=12035, stack(0x000000010ac67000,0x000000010ad67000)]
=>0x00007fdd1400f000 JavaThread "main" [_thread_in_native, id=2059, stack(0x000000010023d000,0x000000010033d000)]

Other Threads:
  0x00007fdd14840800 VMThread [stack: 0x000000010ab64000,0x000000010ac64000] [id=11523]
  0x00007fdd14846800 WatcherThread [stack: 0x000000010b3d3000,0x000000010b4d3000] [id=18947]

VM state:not at safepoint (normal execution)

VM Mutex/Monitor currently owned by a thread: None

Heap
 PSYoungGen      total 38912K, used 4731K [0x00000007d5500000, 0x00000007d8000000, 0x0000000800000000)
  eden space 33792K, 14% used [0x00000007d5500000,0x00000007d599ee88,0x00000007d7600000)
  from space 5120K, 0% used [0x00000007d7b00000,0x00000007d7b00000,0x00000007d8000000)
  to   space 5120K, 0% used [0x00000007d7600000,0x00000007d7600000,0x00000007d7b00000)
 ParOldGen       total 87040K, used 0K [0x0000000780000000, 0x0000000785500000, 0x00000007d5500000)
  object space 87040K, 0% used [0x0000000780000000,0x0000000780000000,0x0000000785500000)
 PSPermGen       total 21504K, used 8482K [0x000000077ae00000, 0x000000077c300000, 0x0000000780000000)
  object space 21504K, 39% used [0x000000077ae00000,0x000000077b648830,0x000000077c300000)

Card table byte_map: [0x0000000104713000,0x0000000104b3d000] byte_map_base: 0x0000000100b3c000

Polling page: 0x000000010037c000

Code Cache  [0x0000000101653000, 0x00000001018c3000, 0x0000000104653000)
 total_blobs=402 nmethods=10 adapters=347 free_code_cache=48642Kb largest_free_block=49797760

Compilation events (10 events):
Event: 0.281 Thread 0x00007fdd1485f000    6             java.lang.String::equals (81 bytes)
Event: 0.285 Thread 0x00007fdd1485f000 nmethod 6 0x00000001016c8b10 code [0x00000001016c8c60, 0x00000001016c8ed8]
Event: 0.299 Thread 0x00007fdd14848000    7             java.lang.Object::<init> (1 bytes)
Event: 0.300 Thread 0x00007fdd14848000 nmethod 7 0x00000001016cb750 code [0x00000001016cb880, 0x00000001016cb918]
Event: 0.344 Thread 0x00007fdd1485f000    8             sun.java2d.loops.GraphicsPrimitive::getUniqueID (5 bytes)
Event: 0.344 Thread 0x00007fdd1485f000 nmethod 8 0x00000001016d2150 code [0x00000001016d2280, 0x00000001016d22d8]
Event: 0.480 Thread 0x00007fdd14848000    9             java.io.UnixFileSystem::normalize (75 bytes)
Event: 0.485 Thread 0x00007fdd14848000 nmethod 9 0x00000001016d0210 code [0x00000001016d0380, 0x00000001016d05d8]
Event: 0.490 Thread 0x00007fdd1485f000   10             java.lang.String::lastIndexOf (52 bytes)
Event: 0.492 Thread 0x00007fdd1485f000 nmethod 10 0x00000001016d51d0 code [0x00000001016d5320, 0x00000001016d54a8]

GC Heap History (0 events):
No events

Deoptimization events (0 events):
No events

Internal exceptions (10 events):
Event: 0.273 Thread 0x00007fdd1400f000 Threw 0x00000007d5851140 at /HUDSON/workspace/7u-2-build-macosx-x86_64/jdk7u51/527/hotspot/src/share/vm/prims/jvm.cpp:1244
Event: 0.273 Thread 0x00007fdd1400f000 Threw 0x00000007d5851368 at /HUDSON/workspace/7u-2-build-macosx-x86_64/jdk7u51/527/hotspot/src/share/vm/prims/jvm.cpp:1244
Event: 0.274 Thread 0x00007fdd1400f000 Threw 0x00000007d5854b00 at /HUDSON/workspace/7u-2-build-macosx-x86_64/jdk7u51/527/hotspot/src/share/vm/prims/jvm.cpp:1244
Event: 0.275 Thread 0x00007fdd1400f000 Threw 0x00000007d5855a98 at /HUDSON/workspace/7u-2-build-macosx-x86_64/jdk7u51/527/hotspot/src/share/vm/prims/jvm.cpp:1244
Event: 0.276 Thread 0x00007fdd1400f000 Threw 0x00000007d5861888 at /HUDSON/workspace/7u-2-build-macosx-x86_64/jdk7u51/527/hotspot/src/share/vm/prims/jvm.cpp:1244
Event: 0.276 Thread 0x00007fdd1400f000 Threw 0x00000007d5862848 at /HUDSON/workspace/7u-2-build-macosx-x86_64/jdk7u51/527/hotspot/src/share/vm/prims/jvm.cpp:1244
Event: 0.298 Thread 0x00007fdd1400f000 Threw 0x00000007d5895c78 at /HUDSON/workspace/7u-2-build-macosx-x86_64/jdk7u51/527/hotspot/src/share/vm/prims/jvm.cpp:1244
Event: 0.299 Thread 0x00007fdd1400f000 Threw 0x00000007d5898ba0 at /HUDSON/workspace/7u-2-build-macosx-x86_64/jdk7u51/527/hotspot/src/share/vm/prims/jvm.cpp:1244
Event: 0.299 Thread 0x00007fdd1400f000 Threw 0x00000007d589b540 at /HUDSON/workspace/7u-2-build-macosx-x86_64/jdk7u51/527/hotspot/src/share/vm/prims/jvm.cpp:1244
Event: 0.300 Thread 0x00007fdd1400f000 Threw 0x00000007d589dfb0 at /HUDSON/workspace/7u-2-build-macosx-x86_64/jdk7u51/527/hotspot/src/share/vm/prims/jvm.cpp:1244

Events (10 events):
Event: 0.498 loading class 0x00000001099120d0 done
Event: 0.498 loading class 0x0000000109911ef0 done
Event: 0.499 loading class 0x000000010992a0b0
Event: 0.499 loading class 0x00007fdd1581fc20
Event: 0.499 loading class 0x00007fdd1581fc20 done
Event: 0.499 loading class 0x000000010992a0b0 done
Event: 0.501 loading class 0x00007fdd1404c8f0
Event: 0.501 loading class 0x00007fdd1404c8f0 done
Event: 0.502 loading class 0x00007fdd148abc00
Event: 0.502 loading class 0x00007fdd148abc00 done


Dynamic libraries:
0x000000000b8a9000 	/System/Library/Frameworks/Cocoa.framework/Versions/A/Cocoa
0x000000000b8a9000 	/System/Library/Frameworks/Security.framework/Versions/A/Security
0x000000000b8a9000 	/System/Library/Frameworks/ApplicationServices.framework/Versions/A/ApplicationServices
0x000000000b8a9000 	/usr/lib/libz.1.dylib
0x000000000b8a9000 	/usr/lib/libSystem.B.dylib
0x000000000b8a9000 	/usr/lib/libobjc.A.dylib
0x000000000b8a9000 	/System/Library/Frameworks/CoreFoundation.framework/Versions/A/CoreFoundation
0x000000000b8a9000 	/System/Library/Frameworks/Foundation.framework/Versions/C/Foundation
0x000000000b8a9000 	/System/Library/Frameworks/AppKit.framework/Versions/C/AppKit
0x000000000b8a9000 	/System/Library/Frameworks/CoreData.framework/Versions/A/CoreData
0x000000000b8a9000 	/System/Library/PrivateFrameworks/RemoteViewServices.framework/Versions/A/RemoteViewServices
0x000000000b8a9000 	/System/Library/Frameworks/AudioToolbox.framework/Versions/A/AudioToolbox
0x000000000b8a9000 	/System/Library/Frameworks/AudioUnit.framework/Versions/A/AudioUnit
0x000000000b8a9000 	/System/Library/PrivateFrameworks/DataDetectorsCore.framework/Versions/A/DataDetectorsCore
0x000000000b8a9000 	/System/Library/PrivateFrameworks/DesktopServicesPriv.framework/Versions/A/DesktopServicesPriv
0x000000000b8a9000 	/System/Library/Frameworks/Carbon.framework/Versions/A/Frameworks/HIToolbox.framework/Versions/A/HIToolbox
0x000000000b8a9000 	/System/Library/Frameworks/QuartzCore.framework/Versions/A/QuartzCore
0x000000000b8a9000 	/System/Library/Frameworks/Carbon.framework/Versions/A/Frameworks/SpeechRecognition.framework/Versions/A/SpeechRecognition
0x000000000b8a9000 	/usr/lib/libauto.dylib
0x000000000b8a9000 	/usr/lib/libicucore.A.dylib
0x000000000b8a9000 	/usr/lib/libxml2.2.dylib
0x000000000b8a9000 	/System/Library/PrivateFrameworks/CoreUI.framework/Versions/A/CoreUI
0x000000000b8a9000 	/System/Library/Frameworks/CoreAudio.framework/Versions/A/CoreAudio
0x000000000b8a9000 	/System/Library/Frameworks/DiskArbitration.framework/Versions/A/DiskArbitration
0x000000000b8a9000 	/usr/lib/liblangid.dylib
0x000000000b8a9000 	/System/Library/PrivateFrameworks/MultitouchSupport.framework/Versions/A/MultitouchSupport
0x000000000b8a9000 	/System/Library/Frameworks/IOKit.framework/Versions/A/IOKit
0x000000000b8a9000 	/usr/lib/libDiagnosticMessagesClient.dylib
0x000000000b8a9000 	/System/Library/Frameworks/CoreServices.framework/Versions/A/CoreServices
0x000000000b8a9000 	/System/Library/PrivateFrameworks/PerformanceAnalysis.framework/Versions/A/PerformanceAnalysis
0x000000000b8a9000 	/System/Library/PrivateFrameworks/GenerationalStorage.framework/Versions/A/GenerationalStorage
0x000000000b8a9000 	/System/Library/Frameworks/OpenGL.framework/Versions/A/OpenGL
0x000000000b8a9000 	/System/Library/PrivateFrameworks/Sharing.framework/Versions/A/Sharing
0x000000000b8a9000 	/System/Library/Frameworks/ImageIO.framework/Versions/A/ImageIO
0x000000000b8a9000 	/System/Library/Frameworks/CoreText.framework/Versions/A/CoreText
0x000000000b8a9000 	/System/Library/Frameworks/CoreGraphics.framework/Versions/A/CoreGraphics
0x000000000b8a9000 	/System/Library/PrivateFrameworks/Backup.framework/Versions/A/Backup
0x000000000b8a9000 	/System/Library/Frameworks/CFNetwork.framework/Versions/A/CFNetwork
0x000000000b8a9000 	/System/Library/Frameworks/SystemConfiguration.framework/Versions/A/SystemConfiguration
0x000000000b8a9000 	/usr/lib/libCRFSuite.dylib
0x000000000b8a9000 	/usr/lib/libc++.1.dylib
0x000000000b8a9000 	/usr/lib/libc++abi.dylib
0x000000000b8a9000 	/usr/lib/system/libcache.dylib
0x000000000b8a9000 	/usr/lib/system/libcommonCrypto.dylib
0x000000000b8a9000 	/usr/lib/system/libcompiler_rt.dylib
0x000000000b8a9000 	/usr/lib/system/libcopyfile.dylib
0x000000000b8a9000 	/usr/lib/system/libcorecrypto.dylib
0x000000000b8a9000 	/usr/lib/system/libdispatch.dylib
0x000000000b8a9000 	/usr/lib/system/libdyld.dylib
0x000000000b8a9000 	/usr/lib/system/libkeymgr.dylib
0x000000000b8a9000 	/usr/lib/system/liblaunch.dylib
0x000000000b8a9000 	/usr/lib/system/libmacho.dylib
0x000000000b8a9000 	/usr/lib/system/libquarantine.dylib
0x000000000b8a9000 	/usr/lib/system/libremovefile.dylib
0x000000000b8a9000 	/usr/lib/system/libsystem_asl.dylib
0x000000000b8a9000 	/usr/lib/system/libsystem_blocks.dylib
0x000000000b8a9000 	/usr/lib/system/libsystem_c.dylib
0x000000000b8a9000 	/usr/lib/system/libsystem_configuration.dylib
0x000000000b8a9000 	/usr/lib/system/libsystem_dnssd.dylib
0x000000000b8a9000 	/usr/lib/system/libsystem_info.dylib
0x000000000b8a9000 	/usr/lib/system/libsystem_kernel.dylib
0x000000000b8a9000 	/usr/lib/system/libsystem_m.dylib
0x000000000b8a9000 	/usr/lib/system/libsystem_malloc.dylib
0x000000000b8a9000 	/usr/lib/system/libsystem_network.dylib
0x000000000b8a9000 	/usr/lib/system/libsystem_notify.dylib
0x000000000b8a9000 	/usr/lib/system/libsystem_platform.dylib
0x000000000b8a9000 	/usr/lib/system/libsystem_pthread.dylib
0x000000000b8a9000 	/usr/lib/system/libsystem_sandbox.dylib
0x000000000b8a9000 	/usr/lib/system/libsystem_stats.dylib
0x000000000b8a9000 	/usr/lib/system/libunc.dylib
0x000000000b8a9000 	/usr/lib/system/libunwind.dylib
0x000000000b8a9000 	/usr/lib/system/libxpc.dylib
0x000000000b8a9000 	/usr/lib/libbsm.0.dylib
0x000000000b8a9000 	/usr/lib/libsqlite3.dylib
0x000000000b8a9000 	/usr/lib/libxar.1.dylib
0x000000000b8a9000 	/usr/lib/libpam.2.dylib
0x000000000b8a9000 	/usr/lib/libOpenScriptingUtil.dylib
0x000000000b8a9000 	/usr/lib/libbz2.1.0.dylib
0x000000000b8a9000 	/System/Library/Frameworks/CoreServices.framework/Versions/A/Frameworks/CarbonCore.framework/Versions/A/CarbonCore
0x000000000b8a9000 	/System/Library/Frameworks/CoreServices.framework/Versions/A/Frameworks/Metadata.framework/Versions/A/Metadata
0x000000000b8a9000 	/System/Library/Frameworks/CoreServices.framework/Versions/A/Frameworks/OSServices.framework/Versions/A/OSServices
0x000000000b8a9000 	/System/Library/Frameworks/CoreServices.framework/Versions/A/Frameworks/SearchKit.framework/Versions/A/SearchKit
0x000000000b8a9000 	/System/Library/Frameworks/CoreServices.framework/Versions/A/Frameworks/AE.framework/Versions/A/AE
0x000000000b8a9000 	/System/Library/Frameworks/CoreServices.framework/Versions/A/Frameworks/LaunchServices.framework/Versions/A/LaunchServices
0x000000000b8a9000 	/System/Library/Frameworks/CoreServices.framework/Versions/A/Frameworks/DictionaryServices.framework/Versions/A/DictionaryServices
0x000000000b8a9000 	/System/Library/Frameworks/NetFS.framework/Versions/A/NetFS
0x000000000b8a9000 	/usr/lib/system/libkxld.dylib
0x000000000b8a9000 	/System/Library/PrivateFrameworks/NetAuth.framework/Versions/A/NetAuth
0x000000000b8a9000 	/System/Library/PrivateFrameworks/TCC.framework/Versions/A/TCC
0x000000000b8a9000 	/System/Library/Frameworks/OpenDirectory.framework/Versions/A/Frameworks/CFOpenDirectory.framework/Versions/A/CFOpenDirectory
0x000000000b8a9000 	/System/Library/Frameworks/ServiceManagement.framework/Versions/A/ServiceManagement
0x000000000b8a9000 	/usr/lib/libxslt.1.dylib
0x000000000b8a9000 	/System/Library/Frameworks/Carbon.framework/Versions/A/Frameworks/Ink.framework/Versions/A/Ink
0x000000000b8a9000 	/System/Library/Frameworks/ApplicationServices.framework/Versions/A/Frameworks/ATS.framework/Versions/A/ATS
0x000000000b8a9000 	/System/Library/Frameworks/ApplicationServices.framework/Versions/A/Frameworks/ColorSync.framework/Versions/A/ColorSync
0x000000000b8a9000 	/System/Library/Frameworks/ApplicationServices.framework/Versions/A/Frameworks/HIServices.framework/Versions/A/HIServices
0x000000000b8a9000 	/System/Library/Frameworks/ApplicationServices.framework/Versions/A/Frameworks/LangAnalysis.framework/Versions/A/LangAnalysis
0x000000000b8a9000 	/System/Library/Frameworks/ApplicationServices.framework/Versions/A/Frameworks/PrintCore.framework/Versions/A/PrintCore
0x000000000b8a9000 	/System/Library/Frameworks/ApplicationServices.framework/Versions/A/Frameworks/QD.framework/Versions/A/QD
0x000000000b8a9000 	/System/Library/Frameworks/ApplicationServices.framework/Versions/A/Frameworks/SpeechSynthesis.framework/Versions/A/SpeechSynthesis
0x000000000b8a9000 	/System/Library/Frameworks/IOSurface.framework/Versions/A/IOSurface
0x000000000b8a9000 	/System/Library/Frameworks/Accelerate.framework/Versions/A/Accelerate
0x000000000b8a9000 	/System/Library/Frameworks/Accelerate.framework/Versions/A/Frameworks/vImage.framework/Versions/A/vImage
0x000000000b8a9000 	/System/Library/Frameworks/Accelerate.framework/Versions/A/Frameworks/vecLib.framework/Versions/A/vecLib
0x000000000b8a9000 	/System/Library/Frameworks/Accelerate.framework/Versions/A/Frameworks/vecLib.framework/Versions/A/libvDSP.dylib
0x000000000b8a9000 	/System/Library/Frameworks/Accelerate.framework/Versions/A/Frameworks/vecLib.framework/Versions/A/libvMisc.dylib
0x000000000b8a9000 	/System/Library/Frameworks/Accelerate.framework/Versions/A/Frameworks/vecLib.framework/Versions/A/libLAPACK.dylib
0x000000000b8a9000 	/System/Library/Frameworks/Accelerate.framework/Versions/A/Frameworks/vecLib.framework/Versions/A/libBLAS.dylib
0x000000000b8a9000 	/System/Library/Frameworks/ApplicationServices.framework/Versions/A/Frameworks/ATS.framework/Versions/A/Resources/libFontParser.dylib
0x000000000b8a9000 	/System/Library/Frameworks/ApplicationServices.framework/Versions/A/Frameworks/ATS.framework/Versions/A/Resources/libFontRegistry.dylib
0x000000000b8a9000 	/System/Library/Frameworks/ImageIO.framework/Versions/A/Resources/libJPEG.dylib
0x000000000b8a9000 	/System/Library/Frameworks/ImageIO.framework/Versions/A/Resources/libTIFF.dylib
0x000000000b8a9000 	/System/Library/Frameworks/ImageIO.framework/Versions/A/Resources/libPng.dylib
0x000000000b8a9000 	/System/Library/Frameworks/ImageIO.framework/Versions/A/Resources/libGIF.dylib
0x000000000b8a9000 	/System/Library/Frameworks/ImageIO.framework/Versions/A/Resources/libJP2.dylib
0x000000000b8a9000 	/System/Library/Frameworks/ImageIO.framework/Versions/A/Resources/libRadiance.dylib
0x000000000b8a9000 	/usr/lib/libcups.2.dylib
0x000000000b8a9000 	/System/Library/Frameworks/Kerberos.framework/Versions/A/Kerberos
0x000000000b8a9000 	/System/Library/Frameworks/GSS.framework/Versions/A/GSS
0x000000000b8a9000 	/usr/lib/libresolv.9.dylib
0x000000000b8a9000 	/usr/lib/libiconv.2.dylib
0x000000000b8a9000 	/System/Library/PrivateFrameworks/Heimdal.framework/Versions/A/Heimdal
0x000000000b8a9000 	/System/Library/PrivateFrameworks/TrustEvaluationAgent.framework/Versions/A/TrustEvaluationAgent
0x000000000b8a9000 	/usr/lib/libheimdal-asn1.dylib
0x000000000b8a9000 	/System/Library/Frameworks/OpenDirectory.framework/Versions/A/OpenDirectory
0x000000000b8a9000 	/System/Library/PrivateFrameworks/CommonAuth.framework/Versions/A/CommonAuth
0x000000000b8a9000 	/System/Library/Frameworks/SecurityFoundation.framework/Versions/A/SecurityFoundation
0x000000000b8a9000 	/System/Library/PrivateFrameworks/Bom.framework/Versions/A/Bom
0x000000000b8a9000 	/System/Library/Frameworks/CoreVideo.framework/Versions/A/CoreVideo
0x000000000b8a9000 	/System/Library/Frameworks/QuartzCore.framework/Versions/A/Frameworks/CoreImage.framework/Versions/A/CoreImage
0x000000000b8a9000 	/System/Library/Frameworks/QuartzCore.framework/Versions/A/Frameworks/ScalableUserInterface.framework/Versions/A/ScalableUserInterface
0x000000000b8a9000 	/System/Library/Frameworks/OpenGL.framework/Versions/A/Libraries/libGLU.dylib
0x000000000b8a9000 	/System/Library/Frameworks/OpenGL.framework/Versions/A/Libraries/libGFXShared.dylib
0x000000000b8a9000 	/System/Library/Frameworks/OpenGL.framework/Versions/A/Libraries/libGL.dylib
0x000000000b8a9000 	/System/Library/Frameworks/OpenGL.framework/Versions/A/Libraries/libGLImage.dylib
0x000000000b8a9000 	/System/Library/Frameworks/OpenGL.framework/Versions/A/Libraries/libCVMSPluginSupport.dylib
0x000000000b8a9000 	/System/Library/Frameworks/OpenGL.framework/Versions/A/Libraries/libCoreVMClient.dylib
0x000000000b8a9000 	/System/Library/PrivateFrameworks/FaceCore.framework/Versions/A/FaceCore
0x000000000b8a9000 	/System/Library/PrivateFrameworks/CrashReporterSupport.framework/Versions/A/CrashReporterSupport
0x000000000b8a9000 	/System/Library/Frameworks/OpenCL.framework/Versions/A/OpenCL
0x000000000b8a9000 	/System/Library/PrivateFrameworks/AppleFSCompression.framework/Versions/A/AppleFSCompression
0x000000000b8a9000 	/System/Library/PrivateFrameworks/Ubiquity.framework/Versions/A/Ubiquity
0x000000000b8a9000 	/System/Library/PrivateFrameworks/IconServices.framework/Versions/A/IconServices
0x000000000b8a9000 	/System/Library/PrivateFrameworks/ChunkingLibrary.framework/Versions/A/ChunkingLibrary
0x000000000b8a9000 	/System/Library/PrivateFrameworks/CoreSymbolication.framework/Versions/A/CoreSymbolication
0x000000000b8a9000 	/System/Library/PrivateFrameworks/Symbolication.framework/Versions/A/Symbolication
0x000000000b8a9000 	/System/Library/PrivateFrameworks/DebugSymbols.framework/Versions/A/DebugSymbols
0x0000000100c00000 	/Library/Java/JavaVirtualMachines/jdk1.7.0_51.jdk/Contents/Home/jre/lib/server/libjvm.dylib
0x000000000b8a9000 	/usr/lib/libstdc++.6.dylib
0x000000010033f000 	/Library/Java/JavaVirtualMachines/jdk1.7.0_51.jdk/Contents/Home/jre/lib/libverify.dylib
0x000000010034c000 	/Library/Java/JavaVirtualMachines/jdk1.7.0_51.jdk/Contents/Home/jre/lib/libjava.dylib
0x0000000100386000 	/Library/Java/JavaVirtualMachines/jdk1.7.0_51.jdk/Contents/Home/jre/lib/libzip.dylib
0x00000001003e3000 	/System/Library/Frameworks/JavaVM.framework/Frameworks/JavaRuntimeSupport.framework/JavaRuntimeSupport
0x000000010ae6c000 	/System/Library/Frameworks/JavaVM.framework/Versions/A/Frameworks/JavaNativeFoundation.framework/Versions/A/JavaNativeFoundation
0x000000010ae81000 	/System/Library/Frameworks/JavaVM.framework/Versions/A/JavaVM
0x000000000b8a9000 	/System/Library/Frameworks/Carbon.framework/Versions/A/Carbon
0x000000010ae8e000 	/System/Library/PrivateFrameworks/JavaLaunching.framework/Versions/A/JavaLaunching
0x000000000b8a9000 	/System/Library/Frameworks/Carbon.framework/Versions/A/Frameworks/CommonPanels.framework/Versions/A/CommonPanels
0x000000000b8a9000 	/System/Library/Frameworks/Carbon.framework/Versions/A/Frameworks/Help.framework/Versions/A/Help
0x000000000b8a9000 	/System/Library/Frameworks/Carbon.framework/Versions/A/Frameworks/ImageCapture.framework/Versions/A/ImageCapture
0x000000000b8a9000 	/System/Library/Frameworks/Carbon.framework/Versions/A/Frameworks/OpenScripting.framework/Versions/A/OpenScripting
0x000000000b8a9000 	/System/Library/Frameworks/Carbon.framework/Versions/A/Frameworks/Print.framework/Versions/A/Print
0x000000000b8a9000 	/System/Library/Frameworks/Carbon.framework/Versions/A/Frameworks/SecurityHI.framework/Versions/A/SecurityHI
0x000000010b51d000 	/Library/Java/JavaVirtualMachines/jdk1.7.0_51.jdk/Contents/Home/jre/lib/libnet.dylib
0x000000010b67d000 	/Library/Java/JavaVirtualMachines/jdk1.7.0_51.jdk/Contents/Home/jre/lib/libawt.dylib
0x000000010b72c000 	/Library/Java/JavaVirtualMachines/jdk1.7.0_51.jdk/Contents/Home/jre/lib/./libmlib_image.dylib
0x000000010b7f8000 	/Library/Java/JavaVirtualMachines/jdk1.7.0_51.jdk/Contents/Home/jre/lib/lwawt/liblwawt.dylib
0x000000010b8ac000 	/Library/Java/JavaVirtualMachines/jdk1.7.0_51.jdk/Contents/Home/jre/lib/libosxapp.dylib
0x000000000b8a9000 	/System/Library/Frameworks/ExceptionHandling.framework/Versions/A/ExceptionHandling
0x000000000b8a9000 	/System/Library/PrivateFrameworks/CoreServicesInternal.framework/Versions/A/CoreServicesInternal
0x000000000b8a9000 	/System/Library/PrivateFrameworks/Librarian.framework/Versions/A/Librarian
0x000000000b8a9000 	/System/Library/Frameworks/CoreGraphics.framework/Versions/A/Resources/libCGCMS.A.dylib
0x000000000b8a9000 	/System/Library/Frameworks/CoreGraphics.framework/Versions/A/Resources/libRIP.A.dylib
0x000000000b8a9000 	/System/Library/Frameworks/CoreGraphics.framework/Versions/A/Resources/libCGXType.A.dylib
0x000000000b8a9000 	/System/Library/PrivateFrameworks/FamilyControls.framework/Versions/A/FamilyControls
0x000000000b8a9000 	/System/Library/PrivateFrameworks/CommerceKit.framework/Versions/A/Frameworks/CommerceCore.framework/Versions/A/CommerceCore
0x000000000b8a9000 	/System/Library/PrivateFrameworks/SystemAdministration.framework/Versions/A/SystemAdministration
0x000000000b8a9000 	/System/Library/Frameworks/DirectoryService.framework/Versions/A/DirectoryService
0x000000000b8a9000 	/System/Library/PrivateFrameworks/DiskImages.framework/Versions/A/DiskImages
0x000000000b8a9000 	/System/Library/PrivateFrameworks/LoginUIKit.framework/Versions/A/Frameworks/LoginUICore.framework/Versions/A/LoginUICore
0x000000000b8a9000 	/usr/lib/libCoreStorage.dylib
0x000000000b8a9000 	/usr/lib/libcsfde.dylib
0x000000000b8a9000 	/usr/lib/libodfde.dylib
0x000000000b8a9000 	/System/Library/Frameworks/DiscRecording.framework/Versions/A/DiscRecording
0x000000000b8a9000 	/usr/lib/libcurl.4.dylib
0x000000000b8a9000 	/System/Library/PrivateFrameworks/MediaKit.framework/Versions/A/MediaKit
0x000000000b8a9000 	/System/Library/PrivateFrameworks/EFILogin.framework/Versions/A/EFILogin
0x000000000b8a9000 	/usr/lib/libutil.dylib
0x000000000b8a9000 	/System/Library/PrivateFrameworks/AOSNotification.framework/Versions/A/AOSNotification
0x000000000b8a9000 	/System/Library/Frameworks/LDAP.framework/Versions/A/LDAP
0x000000000b8a9000 	/usr/lib/libsasl2.2.dylib
0x000000000b8a9000 	/usr/lib/libcrypto.0.9.8.dylib
0x000000000b8a9000 	/usr/lib/libssl.0.9.8.dylib
0x000000000b8a9000 	/System/Library/Frameworks/OpenGL.framework/Versions/A/Resources/GLEngine.bundle/GLEngine
0x000000000b8a9000 	/System/Library/Frameworks/OpenGL.framework/Versions/A/Libraries/libGLProgrammability.dylib
0x0000000000000000 	/System/Library/Extensions/AppleIntelHD4000GraphicsGLDriver.bundle/Contents/MacOS/AppleIntelHD4000GraphicsGLDriver
0x000000000b8a9000 	/System/Library/PrivateFrameworks/IOAccelerator.framework/Versions/A/IOAccelerator
0x000000000b8a9000 	/System/Library/PrivateFrameworks/GPUSupport.framework/Versions/A/Libraries/libGPUSupportMercury.dylib
0x000000000b8a9000 	/System/Library/Frameworks/OpenGL.framework/Versions/A/Resources/GLRendererFloat.bundle/GLRendererFloat
0x000000000b8a9000 	/System/Library/Frameworks/OpenCL.framework/Versions/A/Libraries/libcldcpuengine.dylib
0x000000010f7ed000 	/Library/Java/JavaVirtualMachines/jdk1.7.0_51.jdk/Contents/Home/jre/lib/libfontmanager.dylib
0x000000010dfbd000 	/Library/Java/JavaVirtualMachines/jdk1.7.0_51.jdk/Contents/Home/jre/lib/libosxui.dylib
0x0000000111164000 	/Library/Java/JavaVirtualMachines/jdk1.7.0_51.jdk/Contents/Home/jre/lib/libnio.dylib

VM Arguments:
java_command: ClientApplication
Launcher Type: SUN_STANDARD

Environment Variables:
CLASSPATH=:/usr/local/lib/antlr-3.5.2-complete.jar:/usr/local/lib/antlr-3.5.2-complete.jar
PATH=/usr/bin:/bin:/usr/sbin:/sbin:/usr/local/bin:/opt/X11/bin:/usr/local/sbin:/usr/X11/bin:/usr/local/bin:/usr/local/sbin:/usr/bin:/usr/sbin:/usr/X11/bin:/bin:/sbin
LD_LIBRARY_PATH=./lib:/usr/lib:/usr/local/lib
SHELL=/bin/zsh
DISPLAY=/tmp/launch-YZclg4/org.macosforge.xquartz:0

Signal Handlers:
SIGSEGV: [libjvm.dylib+0x525425], sa_mask[0]=0xfffefeff, sa_flags=0x00000043
SIGBUS: [libjvm.dylib+0x525425], sa_mask[0]=0xfffefeff, sa_flags=0x00000042
SIGFPE: [libjvm.dylib+0x41892a], sa_mask[0]=0xfffefeff, sa_flags=0x00000042
SIGPIPE: [libjvm.dylib+0x41892a], sa_mask[0]=0xfffefeff, sa_flags=0x00000042
SIGXFSZ: [libjvm.dylib+0x41892a], sa_mask[0]=0xfffefeff, sa_flags=0x00000042
SIGILL: [libjvm.dylib+0x41892a], sa_mask[0]=0xfffefeff, sa_flags=0x00000042
SIGUSR1: SIG_DFL, sa_mask[0]=0x00000000, sa_flags=0x00000002
SIGUSR2: [libjvm.dylib+0x41841c], sa_mask[0]=0x00000000, sa_flags=0x00000042
SIGHUP: [libjvm.dylib+0x4166ab], sa_mask[0]=0xfffefeff, sa_flags=0x00000042
SIGINT: [libjvm.dylib+0x4166ab], sa_mask[0]=0xfffefeff, sa_flags=0x00000042
SIGTERM: [libjvm.dylib+0x4166ab], sa_mask[0]=0xfffefeff, sa_flags=0x00000042
SIGQUIT: [libjvm.dylib+0x4166ab], sa_mask[0]=0xfffefeff, sa_flags=0x00000042


---------------  S Y S T E M  ---------------

OS:Bsduname:Darwin 13.1.0 Darwin Kernel Version 13.1.0: Wed Apr  2 23:52:02 PDT 2014; root:xnu-2422.92.1~2/RELEASE_X86_64 x86_64
rlimit: STACK 8192k, CORE 0k, NPROC 709, NOFILE 10240, AS infinity
load average:1.47 1.56 1.57

CPU:total 4 (2 cores per cpu, 2 threads per core) family 6 model 58 stepping 9, cmov, cx8, fxsr, mmx, sse, sse2, sse3, ssse3, sse4.1, sse4.2, popcnt, avx, aes, erms, ht, tsc, tscinvbit, tscinv

Memory: 4k page, physical 8388608k(2097152k free)

/proc/meminfo:


vm_info: Java HotSpot(TM) 64-Bit Server VM (24.51-b03) for bsd-amd64 JRE (1.7.0_51-b13), built on Dec 18 2013 18:45:56 by "java_re" with gcc 4.2.1 (Based on Apple Inc. build 5658) (LLVM build 2336.11.00)

time: Sun May 25 22:51:49 2014
elapsed time: 0 seconds

